<?xml version="1.0" encoding="UTF-8"?>
<testng-results skipped="2" failed="0" total="2" passed="0">
  <reporter-output>
  </reporter-output>
  <suite name="Suite" duration-ms="14" started-at="2022-04-15T14:33:51Z" finished-at="2022-04-15T14:33:51Z">
    <groups>
    </groups>
    <test name="Test" duration-ms="14" started-at="2022-04-15T14:33:51Z" finished-at="2022-04-15T14:33:51Z">
      <class name="Ecommerice.HomePage">
        <test-method status="FAIL" signature="initialize()[pri:0, instance:Ecommerice.HomePage@36902638]" name="initialize" is-config="true" duration-ms="0" started-at="2022-04-15T17:33:51Z" finished-at="2022-04-15T17:33:51Z">
          <exception class="java.lang.NullPointerException">
            <full-stacktrace>
              <![CDATA[java.lang.NullPointerException
	at Resources.Base.intilializeDriver(Base.java:55)
	at Ecommerice.HomePage.initialize(HomePage.java:30)
	at sun.reflect.NativeMethodAccessorImpl.invoke0(Native Method)
	at sun.reflect.NativeMethodAccessorImpl.invoke(NativeMethodAccessorImpl.java:62)
	at sun.reflect.DelegatingMethodAccessorImpl.invoke(DelegatingMethodAccessorImpl.java:43)
	at java.lang.reflect.Method.invoke(Method.java:498)
	at org.testng.internal.MethodInvocationHelper.invokeMethod(MethodInvocationHelper.java:80)
	at org.testng.internal.Invoker.invokeConfigurationMethod(Invoker.java:564)
	at org.testng.internal.Invoker.invokeConfigurations(Invoker.java:213)
	at org.testng.internal.Invoker.invokeConfigurations(Invoker.java:138)
	at org.testng.TestRunner.beforeRun(TestRunner.java:641)
	at org.testng.TestRunner.run(TestRunner.java:609)
	at org.testng.SuiteRunner.runTest(SuiteRunner.java:334)
	at org.testng.SuiteRunner.access$000(SuiteRunner.java:37)
	at org.testng.SuiteRunner$SuiteWorker.run(SuiteRunner.java:368)
	at org.testng.internal.thread.ThreadUtil$2.call(ThreadUtil.java:64)
	at java.util.concurrent.FutureTask.run(FutureTask.java:266)
	at java.util.concurrent.ThreadPoolExecutor.runWorker(ThreadPoolExecutor.java:1149)
	at java.util.concurrent.ThreadPoolExecutor$Worker.run(ThreadPoolExecutor.java:624)
	at java.lang.Thread.run(Thread.java:748)
]]>
            </full-stacktrace>
          </exception> <!-- java.lang.NullPointerException -->
          <reporter-output>
          </reporter-output>
        </test-method> <!-- initialize -->
        <test-method status="SKIP" signature="PageNavigation(java.lang.String, java.lang.String)[pri:0, instance:Ecommerice.HomePage@36902638]" name="PageNavigation" duration-ms="2" started-at="2022-04-15T17:33:51Z" data-provider="getData" finished-at="2022-04-15T17:33:51Z">
          <params>
            <param index="0">
              <value>
                <![CDATA[anasssattis@gmail.com]]>
              </value>
            </param>
            <param index="1">
              <value>
                <![CDATA[Anass]]>
              </value>
            </param>
          </params>
          <reporter-output>
          </reporter-output>
        </test-method> <!-- PageNavigation -->
        <test-method status="SKIP" signature="tearDown()[pri:0, instance:Ecommerice.HomePage@36902638]" name="tearDown" is-config="true" duration-ms="0" started-at="2022-04-15T17:33:51Z" finished-at="2022-04-15T17:33:51Z">
          <reporter-output>
          </reporter-output>
        </test-method> <!-- tearDown -->
      </class> <!-- Ecommerice.HomePage -->
    </test> <!-- Test -->
    <test name="forgetpassword" duration-ms="14" started-at="2022-04-15T14:33:51Z" finished-at="2022-04-15T14:33:51Z">
      <class name="Ecommerice.ValidateForgetPassord">
        <test-method status="FAIL" signature="initilize()[pri:0, instance:Ecommerice.ValidateForgetPassord@130d63be]" name="initilize" is-config="true" duration-ms="0" started-at="2022-04-15T17:33:51Z" finished-at="2022-04-15T17:33:51Z">
          <exception class="java.lang.NullPointerException">
            <full-stacktrace>
              <![CDATA[java.lang.NullPointerException
	at Resources.Base.intilializeDriver(Base.java:55)
	at Ecommerice.ValidateForgetPassord.initilize(ValidateForgetPassord.java:21)
	at sun.reflect.NativeMethodAccessorImpl.invoke0(Native Method)
	at sun.reflect.NativeMethodAccessorImpl.invoke(NativeMethodAccessorImpl.java:62)
	at sun.reflect.DelegatingMethodAccessorImpl.invoke(DelegatingMethodAccessorImpl.java:43)
	at java.lang.reflect.Method.invoke(Method.java:498)
	at org.testng.internal.MethodInvocationHelper.invokeMethod(MethodInvocationHelper.java:80)
	at org.testng.internal.Invoker.invokeConfigurationMethod(Invoker.java:564)
	at org.testng.internal.Invoker.invokeConfigurations(Invoker.java:213)
	at org.testng.internal.Invoker.invokeConfigurations(Invoker.java:138)
	at org.testng.TestRunner.beforeRun(TestRunner.java:641)
	at org.testng.TestRunner.run(TestRunner.java:609)
	at org.testng.SuiteRunner.runTest(SuiteRunner.java:334)
	at org.testng.SuiteRunner.access$000(SuiteRunner.java:37)
	at org.testng.SuiteRunner$SuiteWorker.run(SuiteRunner.java:368)
	at org.testng.internal.thread.ThreadUtil$2.call(ThreadUtil.java:64)
	at java.util.concurrent.FutureTask.run(FutureTask.java:266)
	at java.util.concurrent.ThreadPoolExecutor.runWorker(ThreadPoolExecutor.java:1149)
	at java.util.concurrent.ThreadPoolExecutor$Worker.run(ThreadPoolExecutor.java:624)
	at java.lang.Thread.run(Thread.java:748)
]]>
            </full-stacktrace>
          </exception> <!-- java.lang.NullPointerException -->
          <reporter-output>
          </reporter-output>
        </test-method> <!-- initilize -->
        <test-method status="SKIP" signature="ForgetPasswordRetrieve()[pri:0, instance:Ecommerice.ValidateForgetPassord@130d63be]" name="ForgetPasswordRetrieve" duration-ms="2" started-at="2022-04-15T17:33:51Z" finished-at="2022-04-15T17:33:51Z">
          <reporter-output>
          </reporter-output>
        </test-method> <!-- ForgetPasswordRetrieve -->
        <test-method status="SKIP" signature="teardown()[pri:0, instance:Ecommerice.ValidateForgetPassord@130d63be]" name="teardown" is-config="true" duration-ms="0" started-at="2022-04-15T17:33:51Z" finished-at="2022-04-15T17:33:51Z">
          <reporter-output>
          </reporter-output>
        </test-method> <!-- teardown -->
      </class> <!-- Ecommerice.ValidateForgetPassord -->
    </test> <!-- forgetpassword -->
  </suite> <!-- Suite -->
</testng-results>
